<?xml version="1.0" encoding="UTF-8"?>
<!-- Generated by org.testng.reporters.JUnitXMLReporter -->
<testsuite hostname="DESKTOP-0KDP1L5" name="GRP-aaa" tests="7" failures="0" timestamp="7 Mar 2019 10:38:21 GMT" time="0.136" errors="0">
  <testcase name="b2" time="0.027" classname="com.clc.util.BTest"/>
  <testcase name="m1" time="0.003" classname="com.clc.util.ATest"/>
  <testcase name="m1" time="0.002" classname="com.clc.util.ATest"/>
  <testcase name="m2" time="0.003" classname="com.clc.util.ATest"/>
  <testcase name="m2" time="0.002" classname="com.clc.util.ATest"/>
  <testcase name="m3" time="0.008" classname="com.clc.util.ATest"/>
  <testcase name="m4" time="0.009" classname="com.clc.util.ATest"/>
</testsuite> <!-- GRP-aaa -->
