<?xml version="1.0" encoding="UTF-8"?>
<!-- Generated by org.testng.reporters.JUnitXMLReporter -->
<testsuite hostname="DESKTOP-0KDP1L5" name="Test2" tests="12" failures="1" timestamp="8 Mar 2019 10:21:03 GMT" time="0.12" errors="0">
  <testcase name="m1" time="0.001" classname="com.clc.util.ATest"/>
  <testcase name="m1" time="0.003" classname="com.clc.util.ATest"/>
  <testcase name="m2" time="0.003" classname="com.clc.util.ATest"/>
  <testcase name="m2" time="0.018" classname="com.clc.util.ATest"/>
  <testcase name="m3" time="0.003" classname="com.clc.util.ATest">
    <failure type="java.lang.NullPointerException">
      <![CDATA[java.lang.NullPointerException
	at com.clc.util.ATest.m3(ATest.java:38)
... Removed 24 stack frames]]>
    </failure>
  </testcase> <!-- m3 -->
  <testcase name="m4" time="0.001" classname="com.clc.util.ATest"/>
  <testcase name="b2" time="0.002" classname="com.clc.util.BTest"/>
  <testcase name="b3" time="0.003" classname="com.clc.util.BTest"/>
  <testcase name="b5" time="0.006" classname="com.clc.util.BTest"/>
  <testcase name="b6" time="0.002" classname="com.clc.util.BTest"/>
  <testcase name="b1" time="0.001" classname="com.clc.util.BTest"/>
  <testcase name="b4" time="0.021" classname="com.clc.util.BTest"/>
</testsuite> <!-- Test2 -->
