<?xml version="1.0" encoding="UTF-8"?>
<!-- Generated by org.testng.reporters.JUnitXMLReporter -->
<testsuite hostname="DESKTOP-0KDP1L5" name="Command line test" tests="15" failures="2" timestamp="8 Mar 2019 11:22:16 GMT" time="0.178" errors="0">
  <testcase name="m7" time="0.033" classname="com.clc.util.ATest">
    <failure type="java.lang.ArithmeticException" message="/ by zero">
      <![CDATA[java.lang.ArithmeticException: / by zero
	at com.clc.util.ATest.m7(ATest.java:67)
... Removed 34 stack frames]]>
    </failure>
  </testcase> <!-- m7 -->
  <testcase name="verifyCrendentials" time="0.005" classname="com.clc.util.AutheticateTest"/>
  <testcase name="verifyCrendentials" time="0.0" classname="com.clc.util.AutheticateTest"/>
  <testcase name="verifyCrendentials" time="0.001" classname="com.clc.util.AutheticateTest"/>
  <testcase name="verifyCrendentials" time="0.003" classname="com.clc.util.AutheticateTest">
    <failure type="java.lang.AssertionError" message="expected [Password empty or invalid1] but found [Password empty or invalid]">
      <![CDATA[java.lang.AssertionError: expected [Password empty or invalid1] but found [Password empty or invalid]
	at com.clc.util.AutheticateTest.verifyCrendentials(AutheticateTest.java:116)
... Removed 40 stack frames]]>
    </failure>
  </testcase> <!-- verifyCrendentials -->
  <testcase name="verifyCrendentials" time="0.001" classname="com.clc.util.AutheticateTest"/>
  <testcase name="verifyCrendentials" time="0.0" classname="com.clc.util.AutheticateTest"/>
  <testcase name="verifyCrendentials" time="0.0" classname="com.clc.util.AutheticateTest"/>
  <testcase name="verifyCrendentials" time="0.001" classname="com.clc.util.AutheticateTest"/>
  <testcase name="b2" time="0.001" classname="com.clc.util.BTest"/>
  <testcase name="b3" time="0.003" classname="com.clc.util.BTest"/>
  <testcase name="b5" time="0.001" classname="com.clc.util.BTest"/>
  <testcase name="b6" time="0.0" classname="com.clc.util.BTest"/>
  <testcase name="b1" time="0.001" classname="com.clc.util.BTest"/>
  <testcase name="b4" time="0.0" classname="com.clc.util.BTest"/>
</testsuite> <!-- Command line test -->
