<html>
<head>
<title>TestNG:  Command line test</title>
<link href="../testng.css" rel="stylesheet" type="text/css" />
<link href="../my-testng.css" rel="stylesheet" type="text/css" />

<style type="text/css">
.log { display: none;} 
.stack-trace { display: none;} 
</style>
<script type="text/javascript">
<!--
function flip(e) {
  current = e.style.display;
  if (current == 'block') {
    e.style.display = 'none';
    return 0;
  }
  else {
    e.style.display = 'block';
    return 1;
  }
}

function toggleBox(szDivId, elem, msg1, msg2)
{
  var res = -1;  if (document.getElementById) {
    res = flip(document.getElementById(szDivId));
  }
  else if (document.all) {
    // this is the way old msie versions work
    res = flip(document.all[szDivId]);
  }
  if(elem) {
    if(res == 0) elem.innerHTML = msg1; else elem.innerHTML = msg2;
  }

}

function toggleAllBoxes() {
  if (document.getElementsByTagName) {
    d = document.getElementsByTagName('div');
    for (i = 0; i < d.length; i++) {
      if (d[i].className == 'log') {
        flip(d[i]);
      }
    }
  }
}

// -->
</script>

</head>
<body>
<h2 align='center'>Command line test</h2><table border='1' align="center">
<tr>
<td>Tests passed/Failed/Skipped:</td><td>13/2/0</td>
</tr><tr>
<td>Started on:</td><td>Fri Mar 08 16:52:15 IST 2019</td>
</tr>
<tr><td>Total time:</td><td>0 seconds (178 ms)</td>
</tr><tr>
<td>Included groups:</td><td></td>
</tr><tr>
<td>Excluded groups:</td><td></td>
</tr>
</table><p/>
<small><i>(Hover the method name to see the test class name)</i></small><p/>
<table width='100%' border='1' class='invocation-failed'>
<tr><td colspan='4' align='center'><b>FAILED TESTS</b></td></tr>
<tr><td><b>Test method</b></td>
<td width="30%"><b>Exception</b></td>
<td width="10%"><b>Time (seconds)</b></td>
<td><b>Instance</b></td>
</tr>
<tr>
<td title='com.clc.util.ATest.m7()'><b>m7</b><br>Test class: com.clc.util.ATest<br>Parameters: linux</td>
<td><div><pre>java.lang.ArithmeticException: / by zero
	at com.clc.util.ATest.m7(ATest.java:67)
... Removed 34 stack frames</pre></div><a href='#' onClick='toggleBox("stack-trace1937348256", this, "Click to show all stack frames", "Click to hide stack frames")'>Click to show all stack frames</a>
<div class='stack-trace' id='stack-trace1937348256'><pre>java.lang.ArithmeticException: / by zero
	at com.clc.util.ATest.m7(ATest.java:67)
	at sun.reflect.NativeMethodAccessorImpl.invoke0(Native Method)
	at sun.reflect.NativeMethodAccessorImpl.invoke(NativeMethodAccessorImpl.java:62)
	at sun.reflect.DelegatingMethodAccessorImpl.invoke(DelegatingMethodAccessorImpl.java:43)
	at java.lang.reflect.Method.invoke(Method.java:498)
	at org.testng.internal.MethodInvocationHelper.invokeMethod(MethodInvocationHelper.java:86)
	at org.testng.internal.Invoker.invokeMethod(Invoker.java:643)
	at org.testng.internal.Invoker.invokeTestMethod(Invoker.java:820)
	at org.testng.internal.Invoker.invokeTestMethods(Invoker.java:1128)
	at org.testng.internal.TestMethodWorker.invokeTestMethods(TestMethodWorker.java:129)
	at org.testng.internal.TestMethodWorker.run(TestMethodWorker.java:112)
	at org.testng.TestRunner.privateRun(TestRunner.java:782)
	at org.testng.TestRunner.run(TestRunner.java:632)
	at org.testng.SuiteRunner.runTest(SuiteRunner.java:366)
	at org.testng.SuiteRunner.runSequentially(SuiteRunner.java:361)
	at org.testng.SuiteRunner.privateRun(SuiteRunner.java:319)
	at org.testng.SuiteRunner.run(SuiteRunner.java:268)
	at org.testng.SuiteRunnerWorker.runSuite(SuiteRunnerWorker.java:52)
	at org.testng.SuiteRunnerWorker.run(SuiteRunnerWorker.java:86)
	at org.testng.TestNG.runSuitesSequentially(TestNG.java:1244)
	at org.testng.TestNG.runSuitesLocally(TestNG.java:1169)
	at org.testng.TestNG.run(TestNG.java:1064)
	at org.apache.maven.surefire.testng.TestNGExecutor.run(TestNGExecutor.java:77)
	at org.apache.maven.surefire.testng.TestNGDirectoryTestSuite.executeMulti(TestNGDirectoryTestSuite.java:159)
	at org.apache.maven.surefire.testng.TestNGDirectoryTestSuite.execute(TestNGDirectoryTestSuite.java:99)
	at org.apache.maven.surefire.testng.TestNGProvider.invoke(TestNGProvider.java:106)
	at sun.reflect.NativeMethodAccessorImpl.invoke0(Native Method)
	at sun.reflect.NativeMethodAccessorImpl.invoke(NativeMethodAccessorImpl.java:62)
	at sun.reflect.DelegatingMethodAccessorImpl.invoke(DelegatingMethodAccessorImpl.java:43)
	at java.lang.reflect.Method.invoke(Method.java:498)
	at org.apache.maven.surefire.util.ReflectionUtils.invokeMethodWithArray(ReflectionUtils.java:189)
	at org.apache.maven.surefire.booter.ProviderFactory$ProviderProxy.invoke(ProviderFactory.java:165)
	at org.apache.maven.surefire.booter.ProviderFactory.invokeProvider(ProviderFactory.java:85)
	at org.apache.maven.surefire.booter.ForkedBooter.runSuitesInProcess(ForkedBooter.java:115)
	at org.apache.maven.surefire.booter.ForkedBooter.main(ForkedBooter.java:75)
</pre></div></td>
<td>0</td>
<td>com.clc.util.ATest@43a25848</td></tr>
<tr>
<td title='com.clc.util.AutheticateTest.verifyCrendentials()'><b>verifyCrendentials</b><br>Test class: com.clc.util.AutheticateTest<br>Parameters: admin, , Password empty or invalid1</td>
<td><div><pre>java.lang.AssertionError: expected [Password empty or invalid1] but found [Password empty or invalid]
	at com.clc.util.AutheticateTest.verifyCrendentials(AutheticateTest.java:116)
... Removed 40 stack frames</pre></div><a href='#' onClick='toggleBox("stack-trace1778535015", this, "Click to show all stack frames", "Click to hide stack frames")'>Click to show all stack frames</a>
<div class='stack-trace' id='stack-trace1778535015'><pre>java.lang.AssertionError: expected [Password empty or invalid1] but found [Password empty or invalid]
	at org.testng.Assert.fail(Assert.java:94)
	at org.testng.Assert.failNotEquals(Assert.java:513)
	at org.testng.Assert.assertEqualsImpl(Assert.java:135)
	at org.testng.Assert.assertEquals(Assert.java:116)
	at org.testng.Assert.assertEquals(Assert.java:190)
	at org.testng.Assert.assertEquals(Assert.java:200)
	at com.clc.util.AutheticateTest.verifyCrendentials(AutheticateTest.java:116)
	at sun.reflect.NativeMethodAccessorImpl.invoke0(Native Method)
	at sun.reflect.NativeMethodAccessorImpl.invoke(NativeMethodAccessorImpl.java:62)
	at sun.reflect.DelegatingMethodAccessorImpl.invoke(DelegatingMethodAccessorImpl.java:43)
	at java.lang.reflect.Method.invoke(Method.java:498)
	at org.testng.internal.MethodInvocationHelper.invokeMethod(MethodInvocationHelper.java:86)
	at org.testng.internal.Invoker.invokeMethod(Invoker.java:643)
	at org.testng.internal.Invoker.invokeTestMethod(Invoker.java:820)
	at org.testng.internal.Invoker.invokeTestMethods(Invoker.java:1128)
	at org.testng.internal.TestMethodWorker.invokeTestMethods(TestMethodWorker.java:129)
	at org.testng.internal.TestMethodWorker.run(TestMethodWorker.java:112)
	at org.testng.TestRunner.privateRun(TestRunner.java:782)
	at org.testng.TestRunner.run(TestRunner.java:632)
	at org.testng.SuiteRunner.runTest(SuiteRunner.java:366)
	at org.testng.SuiteRunner.runSequentially(SuiteRunner.java:361)
	at org.testng.SuiteRunner.privateRun(SuiteRunner.java:319)
	at org.testng.SuiteRunner.run(SuiteRunner.java:268)
	at org.testng.SuiteRunnerWorker.runSuite(SuiteRunnerWorker.java:52)
	at org.testng.SuiteRunnerWorker.run(SuiteRunnerWorker.java:86)
	at org.testng.TestNG.runSuitesSequentially(TestNG.java:1244)
	at org.testng.TestNG.runSuitesLocally(TestNG.java:1169)
	at org.testng.TestNG.run(TestNG.java:1064)
	at org.apache.maven.surefire.testng.TestNGExecutor.run(TestNGExecutor.java:77)
	at org.apache.maven.surefire.testng.TestNGDirectoryTestSuite.executeMulti(TestNGDirectoryTestSuite.java:159)
	at org.apache.maven.surefire.testng.TestNGDirectoryTestSuite.execute(TestNGDirectoryTestSuite.java:99)
	at org.apache.maven.surefire.testng.TestNGProvider.invoke(TestNGProvider.java:106)
	at sun.reflect.NativeMethodAccessorImpl.invoke0(Native Method)
	at sun.reflect.NativeMethodAccessorImpl.invoke(NativeMethodAccessorImpl.java:62)
	at sun.reflect.DelegatingMethodAccessorImpl.invoke(DelegatingMethodAccessorImpl.java:43)
	at java.lang.reflect.Method.invoke(Method.java:498)
	at org.apache.maven.surefire.util.ReflectionUtils.invokeMethodWithArray(ReflectionUtils.java:189)
	at org.apache.maven.surefire.booter.ProviderFactory$ProviderProxy.invoke(ProviderFactory.java:165)
	at org.apache.maven.surefire.booter.ProviderFactory.invokeProvider(ProviderFactory.java:85)
	at org.apache.maven.surefire.booter.ForkedBooter.runSuitesInProcess(ForkedBooter.java:115)
	at org.apache.maven.surefire.booter.ForkedBooter.main(ForkedBooter.java:75)
</pre></div></td>
<td>0</td>
<td>com.clc.util.AutheticateTest@3ac3fd8b</td></tr>
</table><p>
<table width='100%' border='1' class='invocation-passed'>
<tr><td colspan='4' align='center'><b>PASSED TESTS</b></td></tr>
<tr><td><b>Test method</b></td>
<td width="30%"><b>Exception</b></td>
<td width="10%"><b>Time (seconds)</b></td>
<td><b>Instance</b></td>
</tr>
<tr>
<td title='com.clc.util.BTest.b1()'><b>b1</b><br>Test class: com.clc.util.BTest</td>
<td></td>
<td>0</td>
<td>com.clc.util.BTest@5594a1b5</td></tr>
<tr>
<td title='com.clc.util.BTest.b2()'><b>b2</b><br>Test class: com.clc.util.BTest</td>
<td></td>
<td>0</td>
<td>com.clc.util.BTest@5594a1b5</td></tr>
<tr>
<td title='com.clc.util.BTest.b3()'><b>b3</b><br>Test class: com.clc.util.BTest</td>
<td></td>
<td>0</td>
<td>com.clc.util.BTest@5594a1b5</td></tr>
<tr>
<td title='com.clc.util.BTest.b4()'><b>b4</b><br>Test class: com.clc.util.BTest</td>
<td></td>
<td>0</td>
<td>com.clc.util.BTest@5594a1b5</td></tr>
<tr>
<td title='com.clc.util.BTest.b5()'><b>b5</b><br>Test class: com.clc.util.BTest</td>
<td></td>
<td>0</td>
<td>com.clc.util.BTest@5594a1b5</td></tr>
<tr>
<td title='com.clc.util.BTest.b6()'><b>b6</b><br>Test class: com.clc.util.BTest</td>
<td></td>
<td>0</td>
<td>com.clc.util.BTest@5594a1b5</td></tr>
<tr>
<td title='com.clc.util.AutheticateTest.verifyCrendentials()'><b>verifyCrendentials</b><br>Test class: com.clc.util.AutheticateTest<br>Parameters: admin, admin123, Login Succesful</td>
<td></td>
<td>0</td>
<td>com.clc.util.AutheticateTest@3ac3fd8b</td></tr>
<tr>
<td title='com.clc.util.AutheticateTest.verifyCrendentials()'><b>verifyCrendentials</b><br>Test class: com.clc.util.AutheticateTest<br>Parameters: , admin123, Username empty or invalid</td>
<td></td>
<td>0</td>
<td>com.clc.util.AutheticateTest@3ac3fd8b</td></tr>
<tr>
<td title='com.clc.util.AutheticateTest.verifyCrendentials()'><b>verifyCrendentials</b><br>Test class: com.clc.util.AutheticateTest<br>Parameters: null, admin123, Username empty or invalid</td>
<td></td>
<td>0</td>
<td>com.clc.util.AutheticateTest@3ac3fd8b</td></tr>
<tr>
<td title='com.clc.util.AutheticateTest.verifyCrendentials()'><b>verifyCrendentials</b><br>Test class: com.clc.util.AutheticateTest<br>Parameters: admin, null, Password empty or invalid</td>
<td></td>
<td>0</td>
<td>com.clc.util.AutheticateTest@3ac3fd8b</td></tr>
<tr>
<td title='com.clc.util.AutheticateTest.verifyCrendentials()'><b>verifyCrendentials</b><br>Test class: com.clc.util.AutheticateTest<br>Parameters: admin123, admin, Username or Password Incorrect</td>
<td></td>
<td>0</td>
<td>com.clc.util.AutheticateTest@3ac3fd8b</td></tr>
<tr>
<td title='com.clc.util.AutheticateTest.verifyCrendentials()'><b>verifyCrendentials</b><br>Test class: com.clc.util.AutheticateTest<br>Parameters: , , Username empty or invalid</td>
<td></td>
<td>0</td>
<td>com.clc.util.AutheticateTest@3ac3fd8b</td></tr>
<tr>
<td title='com.clc.util.AutheticateTest.verifyCrendentials()'><b>verifyCrendentials</b><br>Test class: com.clc.util.AutheticateTest<br>Parameters: null, null, Username empty or invalid</td>
<td></td>
<td>0</td>
<td>com.clc.util.AutheticateTest@3ac3fd8b</td></tr>
</table><p>
</body>
</html>