<?xml version="1.0" encoding="UTF-8" ?>
<testsuite tests="15" failures="2" name="TestSuite" time="0.063" errors="0" skipped="0">
  <properties>
[...]
</properties>
  <testcase classname="com.clc.util.ATest" name="m7" time="0.043">
    <failure message="/ by zero" type="java.lang.ArithmeticException">java.lang.ArithmeticException: / by zero
	at com.clc.util.ATest.m7(ATest.java:67)
</failure>
    <system-out>Configuring TestNG with: org.apache.maven.surefire.testng.conf.TestNG652Configurator@5e265ba4
Your parameter value : linux
A-m4
</system-out>
  </testcase>
  <testcase classname="com.clc.util.AutheticateTest" name="verifyCrendentials" time="0.003"/>
  <testcase classname="com.clc.util.AutheticateTest" name="verifyCrendentials" time="0"/>
  <testcase classname="com.clc.util.AutheticateTest" name="verifyCrendentials" time="0"/>
  <testcase classname="com.clc.util.AutheticateTest" name="verifyCrendentials" time="0.004">
    <failure message="expected [Password empty or invalid1] but found [Password empty or invalid]" type="java.lang.AssertionError">java.lang.AssertionError: expected [Password empty or invalid1] but found [Password empty or invalid]
	at org.testng.Assert.fail(Assert.java:94)
	at org.testng.Assert.failNotEquals(Assert.java:513)
	at org.testng.Assert.assertEqualsImpl(Assert.java:135)
	at org.testng.Assert.assertEquals(Assert.java:116)
	at org.testng.Assert.assertEquals(Assert.java:190)
	at org.testng.Assert.assertEquals(Assert.java:200)
	at com.clc.util.AutheticateTest.verifyCrendentials(AutheticateTest.java:116)
</failure>
    <system-out>inside a
inside x
inside y
</system-out>
  </testcase>
  <testcase classname="com.clc.util.AutheticateTest" name="verifyCrendentials" time="0.001"/>
  <testcase classname="com.clc.util.AutheticateTest" name="verifyCrendentials" time="0.001"/>
  <testcase classname="com.clc.util.AutheticateTest" name="verifyCrendentials" time="0"/>
  <testcase classname="com.clc.util.AutheticateTest" name="verifyCrendentials" time="0"/>
  <testcase classname="com.clc.util.BTest" name="b2" time="0.006"/>
  <testcase classname="com.clc.util.BTest" name="b3" time="0.001"/>
  <testcase classname="com.clc.util.BTest" name="b5" time="0.001"/>
  <testcase classname="com.clc.util.BTest" name="b6" time="0.001"/>
  <testcase classname="com.clc.util.BTest" name="b1" time="0"/>
  <testcase classname="com.clc.util.BTest" name="b4" time="0.002"/>
</testsuite>