<?xml version="1.0" encoding="UTF-8"?>
<testng-results skipped="0" failed="0" total="1" passed="1">
  <reporter-output>
  </reporter-output>
  <suite name="Suite" duration-ms="78" started-at="2019-03-08T11:14:44Z" finished-at="2019-03-08T11:14:44Z">
    <groups>
    </groups>
    <test name="Test1" duration-ms="78" started-at="2019-03-08T11:14:44Z" finished-at="2019-03-08T11:14:44Z">
      <class name="com.clc.util.ATest">
        <test-method status="PASS" signature="m7(java.lang.String)[pri:0, instance:com.clc.util.ATest@2344fc66]" name="m7" duration-ms="31" started-at="2019-03-08T16:44:44Z" finished-at="2019-03-08T16:44:44Z">
          <params>
            <param index="0">
              <value>
                <![CDATA[windows]]>
              </value>
            </param>
          </params>
          <reporter-output>
          </reporter-output>
        </test-method> <!-- m7 -->
      </class> <!-- com.clc.util.ATest -->
    </test> <!-- Test1 -->
  </suite> <!-- Suite -->
</testng-results>
